<?xml version="1.0" encoding="utf-8"?><testsuites><testsuite errors="0" failures="0" hostname="DESKTOP-I6CJO51" name="pytest" skipped="0" tests="3" time="82.908" timestamp="2020-07-20T17:00:10.555267"><testcase classname="test_HomePage.TestHomePage" file="test_HomePage.py" line="9" name="test_formSubmission[getData0]" time="49.255"></testcase><testcase classname="test_HomePage.TestHomePage" file="test_HomePage.py" line="9" name="test_formSubmission[getData1]" time="1.303"></testcase><testcase classname="test_e2e.TestOne" file="test_e2e.py" line="13" name="test_e2eTest" time="32.246"></testcase></testsuite></testsuites>